<?xml version="1.0" encoding="UTF-8"?>
<!-- Generated by org.testng.reporters.JUnitReportReporter -->
<testsuite hostname="Viveks-Air-2.phub.net.cable.rogers.com" failures="0" tests="2" name="RahulSeleniumFramework.SubmitOrderTest" time="28.220" errors="0" timestamp="2024-03-10T00:02:29 EST" skipped="0">
  <testcase classname="RahulSeleniumFramework.SubmitOrderTest" name="SubmitOrder" time="14.374"/>
  <system-out/>
  <testcase classname="RahulSeleniumFramework.SubmitOrderTest" name="SubmitOrder" time="13.846"/>
  <system-out/>
</testsuite> <!-- RahulSeleniumFramework.SubmitOrderTest -->
