<?xml version="1.0" encoding="UTF-8"?>
<!-- Generated by org.testng.reporters.JUnitReportReporter -->
<testsuite hostname="Viveks-Air-2.phub.net.cable.rogers.com" failures="0" tests="2" name="RahulSeleniumFramework.SubmitOrderTest" time="35.321" errors="0" timestamp="2024-03-21T21:58:48 EDT" skipped="0">
  <testcase classname="RahulSeleniumFramework.SubmitOrderTest" name="SubmitOrder" time="13.902"/>
  <testcase classname="RahulSeleniumFramework.SubmitOrderTest" name="SubmitOrder" time="21.419"/>
</testsuite> <!-- RahulSeleniumFramework.SubmitOrderTest -->
