<?xml version="1.0" encoding="UTF-8"?>
<!-- Generated by org.testng.reporters.JUnitReportReporter -->
<testsuite hostname="Viveks-Air-2.phub.net.cable.rogers.com" failures="0" tests="1" name="RahulSeleniumFramework.ErrorValidations" time="5.889" errors="0" timestamp="2024-03-21T21:58:48 EDT" skipped="0">
  <testcase classname="RahulSeleniumFramework.ErrorValidations" name="loginErrorValidation" time="5.889"/>
</testsuite> <!-- RahulSeleniumFramework.ErrorValidations -->
