<?xml version="1.0" encoding="UTF-8"?>
<!-- Generated by org.testng.reporters.JUnitReportReporter -->
<testsuite hostname="Viveks-Air-2.phub.net.cable.rogers.com" failures="0" tests="2" name="RahulSeleniumFramework.SubmitOrderTest" time="29.902" errors="0" timestamp="2024-03-09T23:50:43 EST" skipped="0">
  <testcase classname="RahulSeleniumFramework.SubmitOrderTest" name="SubmitOrder" time="16.336"/>
  <testcase classname="RahulSeleniumFramework.SubmitOrderTest" name="SubmitOrder" time="13.566"/>
</testsuite> <!-- RahulSeleniumFramework.SubmitOrderTest -->
